1 547778 1.77607e-06 1.7182e-06 1.02978e-06
2 922547 1.59299e-06 1.69118e-06 1.03375e-06
4 648701 1.71519e-06 1.74007e-06 1.10162e-06
8 922141 1.7576e-06 1.94483e-06 1.11132e-06
16 663465 1.89728e-06 2.11678e-06 1.2138e-06
32 560118 2.20181e-06 2.56247e-06 1.44656e-06
64 602743 2.94228e-06 3.55498e-06 1.33296e-06
128 680051 4.11691e-06 5.42576e-06 1.56498e-06
256 662162 6.27072e-06 8.79714e-06 1.69536e-06
512 219378 1.03939e-05 1.44298e-05 2.40805e-06
1024 207489 1.77775e-05 2.72467e-05 3.31509e-06
2048 137192 3.40693e-05 5.16254e-05 5.4564e-06
4096 90083 6.51779e-05 0.000102472 8.63121e-06
8192 64833 0.000128485 0.000199233 1.30495e-05
16384 38665 0.00026182 0.000398002 2.4091e-05
32768 20595 0.00053124 0.000790672 4.7733e-05
65536 11600 0.00107254 0.00157469 9.57219e-05
131072 5810 0.00214455 0.00312704 0.000190777
262144 3519 0.00426651 0.00636918 0.00039008
524288 1883 0.00874019 0.0127501 0.000796729
1048576 897 0.0175411 0.0259195 0.00182613
2097152 446 0.0381978 0.0514097 0.0039826
4194304 220 0.0777501 0.103316 0.00868542
8388608 113 0.167281 0.208914 0.0176004
16777216 55 0.333375 0.414513 0.0376768
