1 512639 3.6439e-06 2.57486e-06 1.08755e-06
2 474900 3.7885e-06 2.60113e-06 1.23719e-06
4 482896 3.64938e-06 2.66858e-06 1.20999e-06
8 634065 3.87214e-06 2.9028e-06 1.21342e-06
16 451312 4.18458e-06 3.14786e-06 1.36786e-06
32 432377 4.75898e-06 3.8933e-06 1.40793e-06
64 454816 6.94126e-06 5.27369e-06 1.56573e-06
128 365676 9.63962e-06 8.44694e-06 1.68327e-06
256 378183 1.38073e-05 1.31628e-05 2.01189e-06
512 250561 2.28908e-05 2.27977e-05 2.87506e-06
1024 188293 4.12823e-05 4.33704e-05 4.29749e-06
2048 83180 7.65518e-05 8.23268e-05 7.55026e-06
4096 60113 0.000150663 0.000161536 1.18931e-05
8192 43775 0.000301511 0.000315442 1.7369e-05
16384 28578 0.000610433 0.000623374 2.98133e-05
32768 16281 0.00125049 0.00124768 5.75408e-05
65536 8941 0.00248294 0.00250922 0.000117899
131072 5199 0.00502557 0.00498693 0.000233428
262144 3046 0.0103389 0.0100317 0.0004594
524288 1349 0.0212126 0.0205926 0.00118339
1048576 725 0.0454385 0.0405296 0.00253319
2097152 315 0.0938176 0.0817354 0.00604852
4194304 157 0.187754 0.163579 0.0129328
8388608 75 0.40536 0.327803 0.0274917
16777216 36 0.800216 0.652271 0.0598799
