1 469066 7.29363e-06 3.45208e-06 1.38137e-06
2 408580 7.41314e-06 3.4342e-06 1.40321e-06
4 406220 7.67736e-06 3.52513e-06 1.42568e-06
8 437154 8.01332e-06 3.8114e-06 1.39302e-06
16 364215 8.69003e-06 4.19286e-06 1.73868e-06
32 352738 9.86775e-06 5.14501e-06 1.8212e-06
64 372510 1.27254e-05 6.91535e-06 1.84178e-06
128 318525 2.01436e-05 1.11032e-05 2.02974e-06
256 270326 2.95259e-05 1.76622e-05 2.59262e-06
512 230549 4.80432e-05 3.06068e-05 3.37431e-06
1024 169131 8.61064e-05 5.67609e-05 5.03177e-06
2048 69697 0.000165101 0.000112019 9.41483e-06
4096 52794 0.000319895 0.000218067 1.46592e-05
8192 36785 0.000635449 0.000424318 2.3377e-05
16384 24778 0.00127607 0.000834964 3.52651e-05
32768 15191 0.0026295 0.00166952 6.45992e-05
65536 8739 0.00528839 0.00331518 0.00012853
131072 4881 0.0105542 0.00660022 0.000255002
262144 2901 0.0231049 0.0138413 0.000508754
524288 1073 0.0523903 0.0284503 0.00173611
1048576 537 0.10527 0.05598 0.00353216
2097152 286 0.226388 0.111898 0.00679768
4194304 149 0.453658 0.223137 0.0136092
8388608 75 0.943196 0.448456 0.0280053
16777216 38 1.92317 0.890733 0.0594419
