1 283 0.0124285 7.17984e-05 0.007024
2 18403 0.012039 4.34309e-05 2.4452e-05
4 295 0.014847 6.56205e-05 0.00668254
8 305 0.0163817 7.22507e-05 0.00668393
16 248 0.0136881 7.61617e-05 0.00755441
32 275 0.0133688 8.07782e-05 0.00638423
64 261 0.0157206 9.58876e-05 0.00740846
128 221 0.0160147 0.000110344 0.00934229
256 14354 0.0168574 8.55275e-05 3.32287e-05
512 12266 0.0176866 0.000128568 3.86794e-05
1024 290 0.0252013 0.0002337 0.00668965
2048 297 0.0322116 0.000427834 0.00643691
4096 1225 0.0491413 0.000755361 0.00070594
8192 1316 0.065749 0.0014542 0.00087193
16384 792 0.115129 0.00288948 0.00125601
32768 750 4.047 0.0225612 0.00224722
65536 22 3.77641 0.0263954 0.0873037
131072 22 4.01252 0.045265 0.0862478
262144 21 4.68091 0.0605655 0.0919277
524288 32 5.85528 0.109988 0.0603636
1048576 17 6.87035 0.23184 0.104052
2097152 10 11.3193 0.617697 0.198956
4194304 4 21.3484 1.31333 7.31923
8388608 4 45.7694 2.26284 7.85393
