1 770 0.00399971 4.04747e-05 3.41276e-05
2 2973 0.00401082 3.54198e-05 2.70617e-05
4 858 0.00477585 3.90967e-05 2.49962e-05
8 1110 0.00412497 3.96351e-05 7.38438e-05
16 456 0.00432934 4.44932e-05 2.85083e-05
32 439 0.00587896 5.34264e-05 3.14219e-05
64 652 0.00611543 5.21669e-05 4.34973e-05
128 731 0.00609792 5.25021e-05 4.22264e-05
256 533 0.00679745 6.88471e-05 4.8053e-05
512 629 0.00745378 9.60293e-05 0.000287035
1024 401 0.0078665 0.000154745 0.000221651
2048 2934 0.011526 0.000273317 0.00106039
4096 1811 0.0180631 0.000523514 0.000292115
8192 1675 0.0339364 0.00103 0.000421668
16384 1541 0.060955 0.00202873 0.000770354
32768 925 5.2052 0.0385427 0.00114796
65536 18 5.1994 0.0436541 0.106162
131072 10 5.21384 0.0496634 0.18867
262144 10 5.24987 0.0655422 0.187922
524288 39 5.8797 0.0939849 0.0462004
1048576 36 5.77331 0.150089 0.0555259
