1 159017 3.54753e-05 1.5058e-05 5.4985e-06
2 160689 3.7051e-05 1.53693e-05 5.79365e-06
4 157755 3.59837e-05 1.50417e-05 5.49e-06
8 146576 3.96311e-05 1.58298e-05 5.43265e-06
16 108931 3.98327e-05 1.6194e-05 8.60471e-06
32 103529 4.63851e-05 1.74654e-05 8.54063e-06
64 103931 5.5166e-05 2.04874e-05 8.84471e-06
128 66543 8.67732e-05 2.74343e-05 1.03247e-05
256 75703 0.000123342 3.75518e-05 1.21066e-05
512 58027 0.000198864 5.83732e-05 1.3991e-05
1024 53691 0.000349352 0.000101076 1.7171e-05
2048 21676 0.000666035 0.0001816 3.51169e-05
4096 18829 0.00128827 0.000353867 4.48616e-05
8192 16378 0.00257034 0.000697291 6.35523e-05
16384 11843 0.00517188 0.0013812 9.76068e-05
32768 7842 0.0106691 0.00275191 0.000162245
65536 4851 0.0215715 0.00548457 0.000290039
131072 2174 0.0451034 0.0111537 0.000580914
262144 1180 0.103001 0.0233226 0.00149946
524288 491 0.240314 0.0490219 0.00406152
1048576 243 0.486414 0.0997168 0.0082177
2097152 117 0.97821 0.217563 0.0176566
4194304 56 1.94877 0.466849 0.0377171
8388608 21 4.04754 0.974021 0.105658
16777216 8 8.22431 1.9592 0.314316
