1 6169 0.00196951 2.34817e-05 0.00161425
2 28804 0.0019615 2.35001e-05 1.38672e-05
4 11737 0.00194285 2.43006e-05 0.00147111
8 3510 0.00204265 2.3566e-05 0.000716098
16 10273 0.00203845 2.4833e-05 0.00123245
32 5547 0.00208431 2.68753e-05 0.000996128
64 12284 0.00274502 3.11543e-05 0.0020284
128 1334 0.00288393 3.8885e-05 0.0013757
256 45558 0.00283193 5.04785e-05 1.81728e-05
512 37346 0.00320872 7.51609e-05 2.31357e-05
1024 881 0.00390433 0.000163427 0.000969524
2048 1469 0.00575932 0.000248292 0.00233678
4096 4544 0.0091267 0.000440048 0.00018468
8192 3987 0.0166088 0.000858563 0.000328118
16384 2659 0.0303577 0.00167801 0.000491367
32768 1769 2.5377 0.0237784 0.000800504
65536 19 2.58653 0.0273025 0.100414
131072 19 2.56663 0.0331348 0.0990901
262144 21 2.57843 0.0439374 0.0910026
524288 71 2.90932 0.0711033 0.0256436
1048576 42 2.86844 0.125177 0.045559
2097152 36 3.99207 0.266429 0.0561808
4194304 27 6.70341 0.550537 0.0775299
8388608 18 12.984 1.20166 0.128185
16777216 10 25.8584 2.43621 0.261451
