1 670780 7.10073e-07 8.70879e-07 7.93467e-07
2 677641 7.38181e-07 8.51994e-07 7.5769e-07
4 1032555 7.23874e-07 8.37607e-07 7.49443e-07
8 648890 8.37131e-07 9.41638e-07 8.81457e-07
16 655853 8.62704e-07 1.06482e-06 7.03897e-07
32 720191 9.6907e-07 1.3474e-06 7.66539e-07
64 690022 1.48077e-06 1.99393e-06 7.93165e-07
128 647019 1.84018e-06 2.93436e-06 9.77042e-07
256 483197 2.84694e-06 4.64676e-06 1.10305e-06
512 561209 4.33106e-06 8.20218e-06 1.38493e-06
1024 507961 7.81242e-06 1.54272e-05 1.83772e-06
2048 262072 1.47495e-05 2.94302e-05 2.99451e-06
4096 146046 2.94784e-05 5.79556e-05 5.35838e-06
8192 95822 5.67584e-05 0.00011445 8.65053e-06
16384 57050 0.000113389 0.000232334 1.64436e-05
32768 30627 0.000234379 0.000466619 3.42221e-05
65536 16838 0.000462958 0.000917395 6.86701e-05
131072 7740 0.000926569 0.00182361 0.000143192
262144 4397 0.00184223 0.00364102 0.000284684
524288 2473 0.00368473 0.00727154 0.000577651
1048576 1009 0.00726831 0.0143567 0.00165507
2097152 531 0.0144732 0.0286507 0.00331309
4194304 228 0.0312659 0.0588851 0.00835958
8388608 106 0.0684624 0.119257 0.0186025
16777216 53 0.136266 0.237723 0.0379702
